Release 14.2 - xst P.28xd (nt64)
Copyright (c) 1995-2012 Xilinx, Inc.  All rights reserved.
--> Parameter TMPDIR set to xst/projnav.tmp


Total REAL time to Xst completion: 0.00 secs
Total CPU time to Xst completion: 0.23 secs
 
--> Parameter xsthdpdir set to xst


Total REAL time to Xst completion: 0.00 secs
Total CPU time to Xst completion: 0.25 secs
 
--> Reading design: CPUMEM.prj

TABLE OF CONTENTS
  1) Synthesis Options Summary
  2) HDL Parsing
  3) HDL Elaboration
  4) HDL Synthesis
       4.1) HDL Synthesis Report
  5) Advanced HDL Synthesis
       5.1) Advanced HDL Synthesis Report
  6) Low Level Synthesis
  7) Partition Report
  8) Design Summary
       8.1) Primitive and Black Box Usage
       8.2) Device utilization summary
       8.3) Partition Resource Summary
       8.4) Timing Report
            8.4.1) Clock Information
            8.4.2) Asynchronous Control Signals Information
            8.4.3) Timing Summary
            8.4.4) Timing Details
            8.4.5) Cross Clock Domains Report


=========================================================================
*                      Synthesis Options Summary                        *
=========================================================================
---- Source Parameters
Input File Name                    : "CPUMEM.prj"
Ignore Synthesis Constraint File   : NO

---- Target Parameters
Output File Name                   : "CPUMEM"
Output Format                      : NGC
Target Device                      : xc7a100t-3-csg324

---- Source Options
Top Module Name                    : CPUMEM
Automatic FSM Extraction           : YES
FSM Encoding Algorithm             : Auto
Safe Implementation                : No
FSM Style                          : LUT
RAM Extraction                     : Yes
RAM Style                          : Auto
ROM Extraction                     : Yes
Shift Register Extraction          : YES
ROM Style                          : Auto
Resource Sharing                   : YES
Asynchronous To Synchronous        : NO
Shift Register Minimum Size        : 2
Use DSP Block                      : Auto
Automatic Register Balancing       : No

---- Target Options
LUT Combining                      : Auto
Reduce Control Sets                : Auto
Add IO Buffers                     : YES
Global Maximum Fanout              : 100000
Add Generic Clock Buffer(BUFG)     : 32
Register Duplication               : YES
Optimize Instantiated Primitives   : NO
Use Clock Enable                   : Auto
Use Synchronous Set                : Auto
Use Synchronous Reset              : Auto
Pack IO Registers into IOBs        : Auto
Equivalent register Removal        : YES

---- General Options
Optimization Goal                  : Speed
Optimization Effort                : 1
Power Reduction                    : NO
Keep Hierarchy                     : No
Netlist Hierarchy                  : As_Optimized
RTL Output                         : Yes
Global Optimization                : AllClockNets
Read Cores                         : YES
Write Timing Constraints           : NO
Cross Clock Analysis               : NO
Hierarchy Separator                : /
Bus Delimiter                      : <>
Case Specifier                     : Maintain
Slice Utilization Ratio            : 100
BRAM Utilization Ratio             : 100
DSP48 Utilization Ratio            : 100
Auto BRAM Packing                  : NO
Slice Utilization Ratio Delta      : 5

=========================================================================


=========================================================================
*                          HDL Parsing                                  *
=========================================================================
Parsing VHDL file "D:\vhdl\cpu\ise_project\alucalc.vhd" into library work
Parsing entity <ALUCalcUnit>.
Parsing architecture <arch> of entity <alucalcunit>.
Parsing VHDL file "D:\vhdl\cpu\ise_project\signalout.vhd" into library work
Parsing entity <signalout>.
Parsing architecture <Behavioral> of entity <signalout>.
Parsing VHDL file "D:\vhdl\cpu\ise_project\regarr.vhd" into library work
Parsing entity <RegArr>.
Parsing architecture <arch> of entity <regarr>.
Parsing VHDL file "D:\vhdl\cpu\ise_project\pc.vhd" into library work
Parsing entity <pc>.
Parsing architecture <Behavioral> of entity <pc>.
Parsing VHDL file "D:\vhdl\cpu\ise_project\memunit.vhd" into library work
Parsing entity <MemUnit>.
Parsing architecture <arch> of entity <memunit>.
Parsing VHDL file "D:\vhdl\cpu\ise_project\ir.vhd" into library work
Parsing entity <ir>.
Parsing architecture <Behavioral> of entity <ir>.
Parsing VHDL file "D:\vhdl\cpu\ise_project\cu.vhd" into library work
Parsing entity <cu>.
Parsing architecture <Behavioral> of entity <cu>.
Parsing VHDL file "D:\vhdl\cpu\ise_project\alu.vhd" into library work
Parsing entity <ALU>.
Parsing architecture <arch> of entity <alu>.
Parsing VHDL file "D:\vhdl\cpu\ise_project\Memory.vhd" into library work
Parsing entity <Memory>.
Parsing architecture <Behavioral> of entity <memory>.
Parsing VHDL file "D:\vhdl\cpu\ise_project\cpu.vhd" into library work
Parsing entity <CPU>.
Parsing architecture <arch> of entity <cpu>.
Parsing VHDL file "D:\vhdl\cpu\ise_project\CPUMEM.vhd" into library work
Parsing entity <CPUMEM>.
Parsing architecture <Behavioral> of entity <cpumem>.

=========================================================================
*                            HDL Elaboration                            *
=========================================================================

Elaborating entity <CPUMEM> (architecture <Behavioral>) from library <work>.

Elaborating entity <CPU> (architecture <arch>) from library <work>.

Elaborating entity <cu> (architecture <Behavioral>) from library <work>.
WARNING:HDLCompiler:1127 - "D:\vhdl\cpu\ise_project\cu.vhd" Line 58: Assignment to zf ignored, since the identifier is never used
WARNING:HDLCompiler:92 - "D:\vhdl\cpu\ise_project\cu.vhd" Line 179: calu_cyout should be on the sensitivity list of the process

Elaborating entity <signalout> (architecture <Behavioral>) from library <work>.

Elaborating entity <ALU> (architecture <arch>) from library <work>.

Elaborating entity <ALUCalcUnit> (architecture <arch>) from library <work>.

Elaborating entity <pc> (architecture <Behavioral>) from library <work>.

Elaborating entity <ir> (architecture <Behavioral>) from library <work>.

Elaborating entity <RegArr> (architecture <arch>) from library <work>.

Elaborating entity <MemUnit> (architecture <arch>) from library <work>.

Elaborating entity <Memory> (architecture <Behavioral>) from library <work>.

=========================================================================
*                           HDL Synthesis                               *
=========================================================================

Synthesizing Unit <CPUMEM>.
    Related source file is "D:\vhdl\cpu\ise_project\CPUMEM.vhd".
INFO:Xst:3210 - "D:\vhdl\cpu\ise_project\CPUMEM.vhd" line 86: Output port <DBUS> of the instance <m> is unconnected or connected to loadless signal.
    Summary:
	no macro.
Unit <CPUMEM> synthesized.

Synthesizing Unit <CPU>.
    Related source file is "D:\vhdl\cpu\ise_project\cpu.vhd".
INFO:Xst:3210 - "D:\vhdl\cpu\ise_project\cpu.vhd" line 181: Output port <debug_state> of the instance <cu1> is unconnected or connected to loadless signal.
    Summary:
	no macro.
Unit <CPU> synthesized.

Synthesizing Unit <cu>.
    Related source file is "D:\vhdl\cpu\ise_project\cu.vhd".
WARNING:Xst:647 - Input <cALU_ZOut> is never used. This port will be preserved and left unconnected if it belongs to a top-level block or it belongs to a sub-block and the hierarchy of this sub-block is preserved.
WARNING:Xst:653 - Signal <debug_state> is used but never assigned. This sourceless signal will be automatically connected to value GND.
    Found 3-bit register for signal <current_state>.
    Found 8x3-bit Read Only RAM for signal <_n0305>
WARNING:Xst:737 - Found 1-bit latch for signal <control_signal<24>>. Latches may be generated from incomplete case or if statements. We do not recommend the use of latches in FPGA/CPLD designs, as they may lead to timing problems.
WARNING:Xst:737 - Found 1-bit latch for signal <control_signal<23>>. Latches may be generated from incomplete case or if statements. We do not recommend the use of latches in FPGA/CPLD designs, as they may lead to timing problems.
WARNING:Xst:737 - Found 1-bit latch for signal <control_signal<22>>. Latches may be generated from incomplete case or if statements. We do not recommend the use of latches in FPGA/CPLD designs, as they may lead to timing problems.
WARNING:Xst:737 - Found 1-bit latch for signal <control_signal<21>>. Latches may be generated from incomplete case or if statements. We do not recommend the use of latches in FPGA/CPLD designs, as they may lead to timing problems.
WARNING:Xst:737 - Found 1-bit latch for signal <control_signal<20>>. Latches may be generated from incomplete case or if statements. We do not recommend the use of latches in FPGA/CPLD designs, as they may lead to timing problems.
WARNING:Xst:737 - Found 1-bit latch for signal <control_signal<19>>. Latches may be generated from incomplete case or if statements. We do not recommend the use of latches in FPGA/CPLD designs, as they may lead to timing problems.
WARNING:Xst:737 - Found 1-bit latch for signal <control_signal<18>>. Latches may be generated from incomplete case or if statements. We do not recommend the use of latches in FPGA/CPLD designs, as they may lead to timing problems.
WARNING:Xst:737 - Found 1-bit latch for signal <control_signal<17>>. Latches may be generated from incomplete case or if statements. We do not recommend the use of latches in FPGA/CPLD designs, as they may lead to timing problems.
WARNING:Xst:737 - Found 1-bit latch for signal <control_signal<15>>. Latches may be generated from incomplete case or if statements. We do not recommend the use of latches in FPGA/CPLD designs, as they may lead to timing problems.
WARNING:Xst:737 - Found 1-bit latch for signal <control_signal<14>>. Latches may be generated from incomplete case or if statements. We do not recommend the use of latches in FPGA/CPLD designs, as they may lead to timing problems.
WARNING:Xst:737 - Found 1-bit latch for signal <control_signal<11>>. Latches may be generated from incomplete case or if statements. We do not recommend the use of latches in FPGA/CPLD designs, as they may lead to timing problems.
WARNING:Xst:737 - Found 1-bit latch for signal <control_signal<10>>. Latches may be generated from incomplete case or if statements. We do not recommend the use of latches in FPGA/CPLD designs, as they may lead to timing problems.
WARNING:Xst:737 - Found 1-bit latch for signal <control_signal<9>>. Latches may be generated from incomplete case or if statements. We do not recommend the use of latches in FPGA/CPLD designs, as they may lead to timing problems.
WARNING:Xst:737 - Found 1-bit latch for signal <control_signal<8>>. Latches may be generated from incomplete case or if statements. We do not recommend the use of latches in FPGA/CPLD designs, as they may lead to timing problems.
